<?xml version="1.0" encoding="UTF-8"?>
<robot generator="Robot 4.1.3 (Python 3.11.4 on win32)" generated="20240317 13:27:45.426" rpa="false" schemaversion="2">
<suite id="s1" name="Robot KLX" source="C:\Users\raghu\git\Robot_KLX\Robot_KLX">
<suite id="s1-s1" name="AddToCartFlow" source="C:\Users\raghu\git\Robot_KLX\Robot_KLX\AddToCartFlow.robot">
<test id="s1-s1-t1" name="Perform Product Purchase">
<kw name="Open Browser To Page">
<kw name="Open Browser" library="SeleniumLibrary">
<arg>${URL}</arg>
<arg>${BROWSER}</arg>
<doc>Opens a new browser instance to the given ``url``.</doc>
<msg timestamp="20240317 13:27:45.909" level="INFO">Opening browser 'Chrome' to base url 'http://automationexercise.com'.</msg>
<status status="PASS" starttime="20240317 13:27:45.909" endtime="20240317 13:27:50.975"/>
</kw>
<kw name="Maximize Browser Window" library="SeleniumLibrary">
<doc>Maximizes current browser window.</doc>
<status status="PASS" starttime="20240317 13:27:50.976" endtime="20240317 13:27:51.128"/>
</kw>
<kw name="Title Should Be" library="SeleniumLibrary">
<arg>Automation Exercise</arg>
<doc>Verifies that current page title equals ``title``.</doc>
<msg timestamp="20240317 13:27:51.139" level="INFO">Page title is 'Automation Exercise'.</msg>
<status status="PASS" starttime="20240317 13:27:51.129" endtime="20240317 13:27:51.142"/>
</kw>
<status status="PASS" starttime="20240317 13:27:45.908" endtime="20240317 13:27:51.144"/>
</kw>
<kw name="Click Products Menu">
<kw name="Click Link" library="SeleniumLibrary">
<arg>xpath=//a[@href='/products']</arg>
<doc>Clicks a link identified by ``locator``.</doc>
<msg timestamp="20240317 13:27:51.147" level="INFO">Clicking link 'xpath=//a[@href='/products']'.</msg>
<status status="PASS" starttime="20240317 13:27:51.146" endtime="20240317 13:27:52.866"/>
</kw>
<kw name="Title Should Be" library="SeleniumLibrary">
<arg>Automation Exercise - All Products</arg>
<doc>Verifies that current page title equals ``title``.</doc>
<msg timestamp="20240317 13:27:52.876" level="INFO">Page title is 'Automation Exercise - All Products'.</msg>
<status status="PASS" starttime="20240317 13:27:52.867" endtime="20240317 13:27:52.876"/>
</kw>
<status status="PASS" starttime="20240317 13:27:51.145" endtime="20240317 13:27:52.876"/>
</kw>
<kw name="Verify Search Bar Visibility">
<kw name="Page Should Contain Element" library="SeleniumLibrary">
<arg>xpath=//input[@id='search_product']</arg>
<doc>Verifies that element ``locator`` is found on the current page.</doc>
<msg timestamp="20240317 13:27:52.897" level="INFO">Current page contains element 'xpath=//input[@id='search_product']'.</msg>
<status status="PASS" starttime="20240317 13:27:52.878" endtime="20240317 13:27:52.898"/>
</kw>
<status status="PASS" starttime="20240317 13:27:52.877" endtime="20240317 13:27:52.898"/>
</kw>
<kw name="Search Product">
<arg>men tshirt</arg>
<kw name="Input Text" library="SeleniumLibrary">
<arg>xpath=//input[@id='search_product']</arg>
<arg>${product}</arg>
<doc>Types the given ``text`` into text field identified by ``locator``.</doc>
<msg timestamp="20240317 13:27:52.900" level="INFO">Typing text 'men tshirt' into text field 'xpath=//input[@id='search_product']'.</msg>
<status status="PASS" starttime="20240317 13:27:52.899" endtime="20240317 13:27:53.140"/>
</kw>
<status status="PASS" starttime="20240317 13:27:52.898" endtime="20240317 13:27:53.140"/>
</kw>
<kw name="Click Search Button">
<kw name="Click Button" library="SeleniumLibrary">
<arg>xpath=//button[@id='submit_search']</arg>
<doc>Clicks button identified by ``locator``.</doc>
<msg timestamp="20240317 13:27:53.144" level="INFO">Clicking button 'xpath=//button[@id='submit_search']'.</msg>
<status status="PASS" starttime="20240317 13:27:53.143" endtime="20240317 13:27:54.117"/>
</kw>
<kw name="Sleep" library="BuiltIn">
<arg>10s</arg>
<doc>Pauses the test executed for the given time.</doc>
<msg timestamp="20240317 13:28:04.118" level="INFO">Slept 10 seconds</msg>
<status status="PASS" starttime="20240317 13:27:54.117" endtime="20240317 13:28:04.118"/>
</kw>
<status status="PASS" starttime="20240317 13:27:53.141" endtime="20240317 13:28:04.119"/>
</kw>
<kw name="Verify Product Visibility">
<arg>men tshirt</arg>
<kw name="Page Should Contain Element" library="SeleniumLibrary">
<arg>xpath=//div[@class='features_items']//div[@class='col-sm-4']//div[@class='overlay-content']/p</arg>
<arg>${product}</arg>
<doc>Verifies that element ``locator`` is found on the current page.</doc>
<msg timestamp="20240317 13:28:04.144" level="INFO">Current page contains element 'xpath=//div[@class='features_items']//div[@class='col-sm-4']//div[@class='overlay-content']/p'.</msg>
<status status="PASS" starttime="20240317 13:28:04.121" endtime="20240317 13:28:04.144"/>
</kw>
<status status="PASS" starttime="20240317 13:28:04.119" endtime="20240317 13:28:04.145"/>
</kw>
<kw name="Scroll Window">
<arg>0</arg>
<arg>400</arg>
<kw name="Execute Javascript" library="SeleniumLibrary">
<arg>window.scrollBy(${x_offset}, ${y_offset})</arg>
<doc>Executes the given JavaScript code with possible arguments.</doc>
<msg timestamp="20240317 13:28:04.148" level="INFO">Executing JavaScript:
window.scrollBy(0, 400)
Without any arguments.</msg>
<status status="PASS" starttime="20240317 13:28:04.147" endtime="20240317 13:28:04.166"/>
</kw>
<status status="PASS" starttime="20240317 13:28:04.146" endtime="20240317 13:28:04.167"/>
</kw>
<kw name="Add Product To Cart">
<kw name="Sleep" library="BuiltIn">
<arg>5s</arg>
<doc>Pauses the test executed for the given time.</doc>
<msg timestamp="20240317 13:28:09.171" level="INFO">Slept 5 seconds</msg>
<status status="PASS" starttime="20240317 13:28:04.169" endtime="20240317 13:28:09.173"/>
</kw>
<kw name="Mouse Over" library="SeleniumLibrary">
<arg>xpath=//div[@class='product-image-wrapper']</arg>
<doc>Simulates hovering mouse over the element ``locator``.</doc>
<msg timestamp="20240317 13:28:09.176" level="INFO">Simulating Mouse Over on element 'xpath=//div[@class='product-image-wrapper']'.</msg>
<status status="PASS" starttime="20240317 13:28:09.174" endtime="20240317 13:28:09.512"/>
</kw>
<kw name="Click Element" library="SeleniumLibrary">
<arg>xpath=//div[@class='features_items']//div[@class='col-sm-4']//div[@class='overlay-content']/a[@class='btn btn-default add-to-cart']</arg>
<doc>Click element identified by ``locator``.</doc>
<msg timestamp="20240317 13:28:09.514" level="INFO">Clicking element 'xpath=//div[@class='features_items']//div[@class='col-sm-4']//div[@class='overlay-content']/a[@class='btn btn-default add-to-cart']'.</msg>
<status status="PASS" starttime="20240317 13:28:09.513" endtime="20240317 13:28:09.597"/>
</kw>
<kw name="Sleep" library="BuiltIn">
<arg>5s</arg>
<doc>Pauses the test executed for the given time.</doc>
<msg timestamp="20240317 13:28:14.598" level="INFO">Slept 5 seconds</msg>
<status status="PASS" starttime="20240317 13:28:09.598" endtime="20240317 13:28:14.600"/>
</kw>
<kw name="Click Button" library="SeleniumLibrary">
<arg>xpath=//button[@class='btn btn-success close-modal btn-block']</arg>
<doc>Clicks button identified by ``locator``.</doc>
<msg timestamp="20240317 13:28:14.602" level="INFO">Clicking button 'xpath=//button[@class='btn btn-success close-modal btn-block']'.</msg>
<status status="PASS" starttime="20240317 13:28:14.600" endtime="20240317 13:28:14.715"/>
</kw>
<status status="PASS" starttime="20240317 13:28:04.168" endtime="20240317 13:28:14.716"/>
</kw>
<kw name="Clear Text Box">
<arg>EMPTY</arg>
<kw name="Input Text" library="SeleniumLibrary">
<arg>xpath=//input[@id='search_product']</arg>
<arg>${EMPTY}</arg>
<doc>Types the given ``text`` into text field identified by ``locator``.</doc>
<msg timestamp="20240317 13:28:14.717" level="INFO">Typing text 'EMPTY' into text field 'xpath=//input[@id='search_product']'.</msg>
<status status="PASS" starttime="20240317 13:28:14.717" endtime="20240317 13:28:14.864"/>
</kw>
<status status="PASS" starttime="20240317 13:28:14.716" endtime="20240317 13:28:14.864"/>
</kw>
<kw name="Search Product">
<arg>top</arg>
<kw name="Input Text" library="SeleniumLibrary">
<arg>xpath=//input[@id='search_product']</arg>
<arg>${product}</arg>
<doc>Types the given ``text`` into text field identified by ``locator``.</doc>
<msg timestamp="20240317 13:28:14.865" level="INFO">Typing text 'top' into text field 'xpath=//input[@id='search_product']'.</msg>
<status status="PASS" starttime="20240317 13:28:14.865" endtime="20240317 13:28:15.008"/>
</kw>
<status status="PASS" starttime="20240317 13:28:14.864" endtime="20240317 13:28:15.009"/>
</kw>
<kw name="Click Search Button">
<kw name="Click Button" library="SeleniumLibrary">
<arg>xpath=//button[@id='submit_search']</arg>
<doc>Clicks button identified by ``locator``.</doc>
<msg timestamp="20240317 13:28:15.011" level="INFO">Clicking button 'xpath=//button[@id='submit_search']'.</msg>
<status status="PASS" starttime="20240317 13:28:15.011" endtime="20240317 13:28:16.987"/>
</kw>
<kw name="Sleep" library="BuiltIn">
<arg>10s</arg>
<doc>Pauses the test executed for the given time.</doc>
<msg timestamp="20240317 13:28:26.991" level="INFO">Slept 10 seconds</msg>
<status status="PASS" starttime="20240317 13:28:16.988" endtime="20240317 13:28:26.991"/>
</kw>
<status status="PASS" starttime="20240317 13:28:15.010" endtime="20240317 13:28:26.993"/>
</kw>
<kw name="Verify Product Visibility">
<arg>top</arg>
<kw name="Page Should Contain Element" library="SeleniumLibrary">
<arg>xpath=//div[@class='features_items']//div[@class='col-sm-4']//div[@class='overlay-content']/p</arg>
<arg>${product}</arg>
<doc>Verifies that element ``locator`` is found on the current page.</doc>
<msg timestamp="20240317 13:28:27.012" level="INFO">Current page contains element 'xpath=//div[@class='features_items']//div[@class='col-sm-4']//div[@class='overlay-content']/p'.</msg>
<status status="PASS" starttime="20240317 13:28:26.995" endtime="20240317 13:28:27.012"/>
</kw>
<status status="PASS" starttime="20240317 13:28:26.993" endtime="20240317 13:28:27.013"/>
</kw>
<kw name="Scroll Window">
<arg>0</arg>
<arg>400</arg>
<kw name="Execute Javascript" library="SeleniumLibrary">
<arg>window.scrollBy(${x_offset}, ${y_offset})</arg>
<doc>Executes the given JavaScript code with possible arguments.</doc>
<msg timestamp="20240317 13:28:27.014" level="INFO">Executing JavaScript:
window.scrollBy(0, 400)
Without any arguments.</msg>
<status status="PASS" starttime="20240317 13:28:27.014" endtime="20240317 13:28:27.025"/>
</kw>
<status status="PASS" starttime="20240317 13:28:27.013" endtime="20240317 13:28:27.025"/>
</kw>
<kw name="Add Product To Cart">
<kw name="Sleep" library="BuiltIn">
<arg>5s</arg>
<doc>Pauses the test executed for the given time.</doc>
<msg timestamp="20240317 13:28:32.028" level="INFO">Slept 5 seconds</msg>
<status status="PASS" starttime="20240317 13:28:27.027" endtime="20240317 13:28:32.029"/>
</kw>
<kw name="Mouse Over" library="SeleniumLibrary">
<arg>xpath=//div[@class='product-image-wrapper']</arg>
<doc>Simulates hovering mouse over the element ``locator``.</doc>
<msg timestamp="20240317 13:28:32.032" level="INFO">Simulating Mouse Over on element 'xpath=//div[@class='product-image-wrapper']'.</msg>
<status status="PASS" starttime="20240317 13:28:32.030" endtime="20240317 13:28:32.340"/>
</kw>
<kw name="Click Element" library="SeleniumLibrary">
<arg>xpath=//div[@class='features_items']//div[@class='col-sm-4']//div[@class='overlay-content']/a[@class='btn btn-default add-to-cart']</arg>
<doc>Click element identified by ``locator``.</doc>
<msg timestamp="20240317 13:28:32.342" level="INFO">Clicking element 'xpath=//div[@class='features_items']//div[@class='col-sm-4']//div[@class='overlay-content']/a[@class='btn btn-default add-to-cart']'.</msg>
<status status="PASS" starttime="20240317 13:28:32.341" endtime="20240317 13:28:32.424"/>
</kw>
<kw name="Sleep" library="BuiltIn">
<arg>5s</arg>
<doc>Pauses the test executed for the given time.</doc>
<msg timestamp="20240317 13:28:37.427" level="INFO">Slept 5 seconds</msg>
<status status="PASS" starttime="20240317 13:28:32.425" endtime="20240317 13:28:37.428"/>
</kw>
<kw name="Click Button" library="SeleniumLibrary">
<arg>xpath=//button[@class='btn btn-success close-modal btn-block']</arg>
<doc>Clicks button identified by ``locator``.</doc>
<msg timestamp="20240317 13:28:37.431" level="INFO">Clicking button 'xpath=//button[@class='btn btn-success close-modal btn-block']'.</msg>
<status status="PASS" starttime="20240317 13:28:37.429" endtime="20240317 13:28:37.512"/>
</kw>
<status status="PASS" starttime="20240317 13:28:27.026" endtime="20240317 13:28:37.513"/>
</kw>
<kw name="Click Cart Button">
<kw name="Click Link" library="SeleniumLibrary">
<arg>Cart</arg>
<doc>Clicks a link identified by ``locator``.</doc>
<msg timestamp="20240317 13:28:37.514" level="INFO">Clicking link 'Cart'.</msg>
<status status="PASS" starttime="20240317 13:28:37.514" endtime="20240317 13:28:38.888"/>
</kw>
<kw name="Title Should Be" library="SeleniumLibrary">
<arg>Automation Exercise - Checkout</arg>
<doc>Verifies that current page title equals ``title``.</doc>
<msg timestamp="20240317 13:28:38.896" level="INFO">Page title is 'Automation Exercise - Checkout'.</msg>
<status status="PASS" starttime="20240317 13:28:38.888" endtime="20240317 13:28:38.897"/>
</kw>
<status status="PASS" starttime="20240317 13:28:37.513" endtime="20240317 13:28:38.897"/>
</kw>
<kw name="Verify Products In Cart">
<kw name="Page Should Contain Element" library="SeleniumLibrary">
<arg>xpath=//a[contains(text(), 'Men Tshirt')]</arg>
<doc>Verifies that element ``locator`` is found on the current page.</doc>
<msg timestamp="20240317 13:28:38.916" level="INFO">Current page contains element 'xpath=//a[contains(text(), 'Men Tshirt')]'.</msg>
<status status="PASS" starttime="20240317 13:28:38.898" endtime="20240317 13:28:38.916"/>
</kw>
<kw name="Page Should Contain Element" library="SeleniumLibrary">
<arg>xpath=//a[contains(text(), 'Blue Top')]</arg>
<doc>Verifies that element ``locator`` is found on the current page.</doc>
<msg timestamp="20240317 13:28:38.933" level="INFO">Current page contains element 'xpath=//a[contains(text(), 'Blue Top')]'.</msg>
<status status="PASS" starttime="20240317 13:28:38.916" endtime="20240317 13:28:38.933"/>
</kw>
<status status="PASS" starttime="20240317 13:28:38.897" endtime="20240317 13:28:38.934"/>
</kw>
<kw name="Verify Total Product Value">
<kw name="Get WebElements" library="SeleniumLibrary">
<var>@{elements}</var>
<arg>xpath=//td[@class='cart_total']/p[contains(text(),'')]</arg>
<doc>Returns list of WebElement objects matching the ``locator``.</doc>
<msg timestamp="20240317 13:28:38.974" level="INFO">@{elements} = [ &lt;selenium.webdriver.remote.webelement.WebElement (session="7e2695fa4a97c2f1f955c1f6533893ac", element="f.238D14570988079F664F3DED0FD15B1C.d.632AB5BF36992B6B6F11E1AA7618071B.e.168")&gt; | &lt;selenium.webd...</msg>
<status status="PASS" starttime="20240317 13:28:38.935" endtime="20240317 13:28:38.974"/>
</kw>
<kw name="Set Variable" library="BuiltIn">
<var>${total_sum}</var>
<arg>0</arg>
<doc>Returns the given values which can then be assigned to a variables.</doc>
<msg timestamp="20240317 13:28:38.975" level="INFO">${total_sum} = 0</msg>
<status status="PASS" starttime="20240317 13:28:38.975" endtime="20240317 13:28:38.975"/>
</kw>
<for flavor="IN">
<var>${element}</var>
<value>@{elements}</value>
<iter>
<var name="${element}">&lt;selenium.webdriver.remote.webelement.WebElement (session="7e2695fa4a97c2f1f955c1f6533893ac", element="f.238D14570988079F664F3DED0FD15B1C.d.632AB5BF36992B6B6F11E1AA7618071B.e.168")&gt;</var>
<kw name="Get Text" library="SeleniumLibrary">
<var>${element_text}</var>
<arg>${element}</arg>
<doc>Returns the text value of element identified by ``locator``.</doc>
<msg timestamp="20240317 13:28:39.002" level="INFO">${element_text} = Rs. 400</msg>
<status status="PASS" starttime="20240317 13:28:38.977" endtime="20240317 13:28:39.002"/>
</kw>
<kw name="Log" library="BuiltIn">
<arg>${element_text}</arg>
<doc>Logs the given message with the given level.</doc>
<msg timestamp="20240317 13:28:39.003" level="INFO">Rs. 400</msg>
<status status="PASS" starttime="20240317 13:28:39.002" endtime="20240317 13:28:39.003"/>
</kw>
<kw name="Get Regexp Matches" library="String">
<var>${value}</var>
<arg>${element_text}</arg>
<arg>\\d+</arg>
<doc>Returns a list of all non-overlapping matches in the given string.</doc>
<msg timestamp="20240317 13:28:39.004" level="INFO">${value} = ['400']</msg>
<status status="PASS" starttime="20240317 13:28:39.003" endtime="20240317 13:28:39.004"/>
</kw>
<kw name="Log" library="BuiltIn">
<arg>${value}[0]</arg>
<doc>Logs the given message with the given level.</doc>
<msg timestamp="20240317 13:28:39.005" level="INFO">400</msg>
<status status="PASS" starttime="20240317 13:28:39.004" endtime="20240317 13:28:39.005"/>
</kw>
<kw name="Convert To Integer" library="BuiltIn">
<var>${integer_value}</var>
<arg>${value}[0]</arg>
<doc>Converts the given item to an integer number.</doc>
<msg timestamp="20240317 13:28:39.006" level="INFO">${integer_value} = 400</msg>
<status status="PASS" starttime="20240317 13:28:39.005" endtime="20240317 13:28:39.006"/>
</kw>
<kw name="Log" library="BuiltIn">
<arg>${integer_value}</arg>
<doc>Logs the given message with the given level.</doc>
<msg timestamp="20240317 13:28:39.007" level="INFO">400</msg>
<status status="PASS" starttime="20240317 13:28:39.006" endtime="20240317 13:28:39.007"/>
</kw>
<kw name="Evaluate" library="BuiltIn">
<var>${total_sum}</var>
<arg>${total_sum} + ${integer_value}</arg>
<doc>Evaluates the given expression in Python and returns the result.</doc>
<msg timestamp="20240317 13:28:39.008" level="INFO">${total_sum} = 400</msg>
<status status="PASS" starttime="20240317 13:28:39.008" endtime="20240317 13:28:39.009"/>
</kw>
<status status="PASS" starttime="20240317 13:28:38.976" endtime="20240317 13:28:39.009"/>
</iter>
<iter>
<var name="${element}">&lt;selenium.webdriver.remote.webelement.WebElement (session="7e2695fa4a97c2f1f955c1f6533893ac", element="f.238D14570988079F664F3DED0FD15B1C.d.632AB5BF36992B6B6F11E1AA7618071B.e.169")&gt;</var>
<kw name="Get Text" library="SeleniumLibrary">
<var>${element_text}</var>
<arg>${element}</arg>
<doc>Returns the text value of element identified by ``locator``.</doc>
<msg timestamp="20240317 13:28:39.024" level="INFO">${element_text} = Rs. 500</msg>
<status status="PASS" starttime="20240317 13:28:39.010" endtime="20240317 13:28:39.025"/>
</kw>
<kw name="Log" library="BuiltIn">
<arg>${element_text}</arg>
<doc>Logs the given message with the given level.</doc>
<msg timestamp="20240317 13:28:39.026" level="INFO">Rs. 500</msg>
<status status="PASS" starttime="20240317 13:28:39.025" endtime="20240317 13:28:39.026"/>
</kw>
<kw name="Get Regexp Matches" library="String">
<var>${value}</var>
<arg>${element_text}</arg>
<arg>\\d+</arg>
<doc>Returns a list of all non-overlapping matches in the given string.</doc>
<msg timestamp="20240317 13:28:39.028" level="INFO">${value} = ['500']</msg>
<status status="PASS" starttime="20240317 13:28:39.027" endtime="20240317 13:28:39.028"/>
</kw>
<kw name="Log" library="BuiltIn">
<arg>${value}[0]</arg>
<doc>Logs the given message with the given level.</doc>
<msg timestamp="20240317 13:28:39.029" level="INFO">500</msg>
<status status="PASS" starttime="20240317 13:28:39.028" endtime="20240317 13:28:39.029"/>
</kw>
<kw name="Convert To Integer" library="BuiltIn">
<var>${integer_value}</var>
<arg>${value}[0]</arg>
<doc>Converts the given item to an integer number.</doc>
<msg timestamp="20240317 13:28:39.030" level="INFO">${integer_value} = 500</msg>
<status status="PASS" starttime="20240317 13:28:39.029" endtime="20240317 13:28:39.030"/>
</kw>
<kw name="Log" library="BuiltIn">
<arg>${integer_value}</arg>
<doc>Logs the given message with the given level.</doc>
<msg timestamp="20240317 13:28:39.031" level="INFO">500</msg>
<status status="PASS" starttime="20240317 13:28:39.030" endtime="20240317 13:28:39.031"/>
</kw>
<kw name="Evaluate" library="BuiltIn">
<var>${total_sum}</var>
<arg>${total_sum} + ${integer_value}</arg>
<doc>Evaluates the given expression in Python and returns the result.</doc>
<msg timestamp="20240317 13:28:39.032" level="INFO">${total_sum} = 900</msg>
<status status="PASS" starttime="20240317 13:28:39.031" endtime="20240317 13:28:39.032"/>
</kw>
<status status="PASS" starttime="20240317 13:28:39.009" endtime="20240317 13:28:39.032"/>
</iter>
<status status="PASS" starttime="20240317 13:28:38.976" endtime="20240317 13:28:39.032"/>
</for>
<kw name="Log" library="BuiltIn">
<arg>Total Sum: ${total_sum}</arg>
<doc>Logs the given message with the given level.</doc>
<msg timestamp="20240317 13:28:39.034" level="INFO">Total Sum: 900</msg>
<status status="PASS" starttime="20240317 13:28:39.033" endtime="20240317 13:28:39.034"/>
</kw>
<kw name="Should Be Equal As Numbers" library="BuiltIn">
<arg>${total_sum}</arg>
<arg>900</arg>
<doc>Fails if objects are unequal after converting them to real numbers.</doc>
<msg timestamp="20240317 13:28:39.036" level="INFO">Argument types are:
&lt;class 'int'&gt;
&lt;type 'unicode'&gt;</msg>
<status status="PASS" starttime="20240317 13:28:39.035" endtime="20240317 13:28:39.037"/>
</kw>
<status status="PASS" starttime="20240317 13:28:38.934" endtime="20240317 13:28:39.037"/>
</kw>
<status status="PASS" starttime="20240317 13:27:45.906" endtime="20240317 13:28:39.038"/>
</test>
<status status="PASS" starttime="20240317 13:27:45.569" endtime="20240317 13:28:39.040"/>
</suite>
<status status="PASS" starttime="20240317 13:27:45.537" endtime="20240317 13:28:39.044"/>
</suite>
<statistics>
<total>
<stat pass="1" fail="0" skip="0">All Tests</stat>
</total>
<tag>
</tag>
<suite>
<stat pass="1" fail="0" skip="0" id="s1" name="Robot KLX">Robot KLX</stat>
<stat pass="1" fail="0" skip="0" id="s1-s1" name="AddToCartFlow">Robot KLX.AddToCartFlow</stat>
</suite>
</statistics>
<errors>
<msg timestamp="20240317 13:27:45.904" level="ERROR">Error in file 'C:\Users\raghu\git\Robot_KLX\Robot_KLX\AddToCartFlow.robot' on line 5: Importing library 'Evaluate' failed: ModuleNotFoundError: No module named 'Evaluate'
Traceback (most recent call last):
  None
PYTHONPATH:
  C:\Users\raghu\git\Robot_KLX\Robot_KLX
  C:\Users\raghu\AppData\Local\Programs\Python\Python311\python311.zip
  C:\Users\raghu\AppData\Local\Programs\Python\Python311\DLLs
  C:\Users\raghu\AppData\Local\Programs\Python\Python311\Lib
  C:\Users\raghu\AppData\Local\Programs\Python\Python311
  C:\Users\raghu\AppData\Local\Programs\Python\Python311\Lib\site-packages</msg>
</errors>
</robot>
